{"contracts/Dummy-Contracts/Coin.sol":{"l":{"12":6},"path":"/home/superfly/Code/Spectrr/Contracts-V2/contracts/Dummy-Contracts/Coin.sol","s":{"1":6},"b":{},"f":{"1":6},"fnMap":{"1":{"name":"constructor","line":11,"loc":{"start":{"line":7,"column":4},"end":{"line":13,"column":4}}}},"statementMap":{"1":{"start":{"line":12,"column":8},"end":{"line":12,"column":40}}},"branchMap":{}},"contracts/Dummy-Contracts/DummyAggregatorV3.sol":{"l":{"8":6,"22":2},"path":"/home/superfly/Code/Spectrr/Contracts-V2/contracts/Dummy-Contracts/DummyAggregatorV3.sol","s":{"1":6,"2":2},"b":{},"f":{"1":6,"2":2},"fnMap":{"1":{"name":"constructor","line":7,"loc":{"start":{"line":7,"column":4},"end":{"line":9,"column":4}}},"2":{"name":"latestRoundData","line":11,"loc":{"start":{"line":11,"column":4},"end":{"line":23,"column":4}}}},"statementMap":{"1":{"start":{"line":8,"column":8},"end":{"line":8,"column":32}},"2":{"start":{"line":22,"column":8},"end":{"line":22,"column":34}}},"branchMap":{}},"contracts/ISpectrrFi.sol":{"l":{},"path":"/home/superfly/Code/Spectrr/Contracts-V2/contracts/ISpectrrFi.sol","s":{},"b":{},"f":{},"fnMap":{},"statementMap":{},"branchMap":{}},"contracts/SpectrrData.sol":{"l":{"174":0,"179":0,"180":0,"181":0,"186":0,"191":0,"192":0,"193":0},"path":"/home/superfly/Code/Spectrr/Contracts-V2/contracts/SpectrrData.sol","s":{"1":0,"2":0,"3":0,"4":0,"5":0,"6":0},"b":{"1":[0,0],"2":[0,0]},"f":{"1":0,"2":0},"fnMap":{"1":{"name":"lockSaleOffer","line":173,"loc":{"start":{"line":173,"column":4},"end":{"line":182,"column":4}}},"2":{"name":"lockBuyOffer","line":185,"loc":{"start":{"line":185,"column":4},"end":{"line":194,"column":4}}}},"statementMap":{"1":{"start":{"line":174,"column":8},"end":{"line":174,"column":5826}},"2":{"start":{"line":179,"column":8},"end":{"line":179,"column":66}},"3":{"start":{"line":181,"column":8},"end":{"line":181,"column":68}},"4":{"start":{"line":186,"column":8},"end":{"line":186,"column":6221}},"5":{"start":{"line":191,"column":8},"end":{"line":191,"column":65}},"6":{"start":{"line":193,"column":8},"end":{"line":193,"column":67}}},"branchMap":{"1":{"line":174,"type":"if","locations":[{"start":{"line":174,"column":8},"end":{"line":174,"column":8}},{"start":{"line":174,"column":8},"end":{"line":174,"column":8}}]},"2":{"line":186,"type":"if","locations":[{"start":{"line":186,"column":8},"end":{"line":186,"column":8}},{"start":{"line":186,"column":8},"end":{"line":186,"column":8}}]}}},"contracts/SpectrrFi.sol":{"l":{"55":1,"56":1,"57":1,"58":1,"59":1,"60":1,"62":1,"68":1,"75":1,"76":1,"80":1,"84":1,"87":1,"104":1,"115":1,"128":0,"130":0,"131":0,"132":0,"134":0,"141":0,"150":0,"151":0,"152":0,"153":0,"154":0,"156":0,"170":0,"172":0,"173":0,"175":0,"177":0,"179":0,"190":0,"192":0,"193":0,"194":0,"196":0,"198":0,"200":0,"208":0,"210":0,"211":0,"213":0,"222":0,"224":0,"239":0,"240":0,"245":0,"246":0,"247":0,"248":0,"250":0,"257":0,"259":0,"279":0,"281":0,"283":0,"294":0,"295":0,"305":0,"317":0,"319":0,"329":0,"331":0,"332":0,"334":0,"344":0,"346":0,"373":1,"374":1,"375":1,"376":1,"377":1,"378":1,"379":1,"381":1,"386":1,"393":1,"399":1,"406":1,"408":1,"425":1,"437":1,"446":0,"447":0,"452":0,"453":0,"455":0,"462":0,"469":0,"470":0,"471":0,"473":0,"481":0,"483":0,"484":0,"486":0,"492":0,"494":0,"505":0,"507":0,"508":0,"509":0,"511":0,"513":0,"515":0,"523":0,"525":0,"526":0,"528":0,"537":0,"539":0,"554":0,"555":0,"557":0,"558":0,"559":0,"560":0,"562":0,"569":0,"571":0,"591":0,"593":0,"595":0,"606":0,"607":0,"617":0,"629":0,"631":0,"641":0,"643":0,"644":0,"646":0,"655":0,"665":0,"668":0,"670":0,"686":0,"688":0,"689":0,"693":0,"697":0,"701":0,"703":0,"705":0,"707":0,"711":0,"715":0,"719":0,"721":0,"723":0,"725":0,"743":0,"745":0,"746":0,"750":0,"754":0,"758":0,"760":0,"762":0,"764":0,"768":0,"772":0,"776":0,"778":0,"780":0,"782":0,"790":1,"797":1},"path":"/home/superfly/Code/Spectrr/Contracts-V2/contracts/SpectrrFi.sol","s":{"1":1,"2":1,"3":1,"4":1,"5":1,"6":1,"7":1,"8":1,"9":1,"10":1,"11":1,"12":1,"13":1,"14":1,"15":1,"16":0,"17":0,"18":0,"19":0,"20":0,"21":0,"22":0,"23":0,"24":0,"25":0,"26":0,"27":0,"28":0,"29":0,"30":0,"31":0,"32":0,"33":0,"34":0,"35":0,"36":0,"37":0,"38":0,"39":0,"40":0,"41":0,"42":0,"43":0,"44":0,"45":0,"46":0,"47":0,"48":0,"49":0,"50":0,"51":0,"52":0,"53":0,"54":0,"55":0,"56":0,"57":0,"58":0,"59":0,"60":0,"61":0,"62":0,"63":0,"64":0,"65":0,"66":0,"67":0,"68":0,"69":0,"70":1,"71":1,"72":1,"73":1,"74":1,"75":1,"76":1,"77":1,"78":1,"79":1,"80":1,"81":1,"82":1,"83":1,"84":1,"85":0,"86":0,"87":0,"88":0,"89":0,"90":0,"91":0,"92":0,"93":0,"94":0,"95":0,"96":0,"97":0,"98":0,"99":0,"100":0,"101":0,"102":0,"103":0,"104":0,"105":0,"106":0,"107":0,"108":0,"109":0,"110":0,"111":0,"112":0,"113":0,"114":0,"115":0,"116":0,"117":0,"118":0,"119":0,"120":0,"121":0,"122":0,"123":0,"124":0,"125":0,"126":0,"127":0,"128":0,"129":0,"130":0,"131":0,"132":0,"133":0,"134":0,"135":0,"136":0,"137":0,"138":0,"139":0,"140":0,"141":0,"142":0,"143":0,"144":0,"145":0,"146":0,"147":0,"148":0,"149":0,"150":0,"151":0,"152":0,"153":0,"154":0,"155":0,"156":0,"157":0,"158":0,"159":0,"160":0,"161":0,"162":0,"163":0,"164":0,"165":0,"166":0,"167":0,"168":0,"169":0,"170":0,"171":1,"172":1},"b":{"1":[0,0],"2":[0,0],"3":[0,0],"4":[0,0],"5":[0,0],"6":[0,0],"7":[0,0],"8":[0,0],"9":[0,0],"10":[0,0],"11":[0,0],"12":[0,0],"13":[0,0],"14":[0,0],"15":[0,0],"16":[0,0],"17":[0,0],"18":[0,0],"19":[0,0],"20":[0,0],"21":[0,0]},"f":{"1":6,"2":1,"3":0,"4":0,"5":0,"6":0,"7":0,"8":0,"9":0,"10":1,"11":0,"12":0,"13":0,"14":0,"15":0,"16":0,"17":0,"18":0,"19":0,"20":1,"21":1},"fnMap":{"1":{"name":"constructor","line":36,"loc":{"start":{"line":36,"column":4},"end":{"line":36,"column":59}}},"2":{"name":"createSaleOffer","line":54,"loc":{"start":{"line":46,"column":4},"end":{"line":116,"column":4}}},"3":{"name":"acceptSaleOffer","line":127,"loc":{"start":{"line":124,"column":4},"end":{"line":163,"column":4}}},"4":{"name":"cancelSaleOffer","line":169,"loc":{"start":{"line":167,"column":4},"end":{"line":180,"column":4}}},"5":{"name":"addCollateralSaleOffer","line":189,"loc":{"start":{"line":186,"column":4},"end":{"line":201,"column":4}}},"6":{"name":"repaySaleOffer","line":207,"loc":{"start":{"line":205,"column":4},"end":{"line":230,"column":4}}},"7":{"name":"repaySaleOfferPart","line":238,"loc":{"start":{"line":235,"column":4},"end":{"line":265,"column":4}}},"8":{"name":"liquidateSaleOffer","line":278,"loc":{"start":{"line":276,"column":4},"end":{"line":320,"column":4}}},"9":{"name":"forfeitSaleOffer","line":328,"loc":{"start":{"line":326,"column":4},"end":{"line":347,"column":4}}},"10":{"name":"createBuyOffer","line":372,"loc":{"start":{"line":363,"column":4},"end":{"line":438,"column":4}}},"11":{"name":"acceptBuyOffer","line":445,"loc":{"start":{"line":443,"column":4},"end":{"line":474,"column":4}}},"12":{"name":"cancelBuyOffer","line":480,"loc":{"start":{"line":478,"column":4},"end":{"line":495,"column":4}}},"13":{"name":"addCollateralBuyOffer","line":504,"loc":{"start":{"line":501,"column":4},"end":{"line":516,"column":4}}},"14":{"name":"repayBuyOffer","line":522,"loc":{"start":{"line":520,"column":4},"end":{"line":545,"column":4}}},"15":{"name":"repayBuyOfferPart","line":553,"loc":{"start":{"line":550,"column":4},"end":{"line":577,"column":4}}},"16":{"name":"liquidateBuyOffer","line":590,"loc":{"start":{"line":588,"column":4},"end":{"line":632,"column":4}}},"17":{"name":"forfeitBuyOffer","line":640,"loc":{"start":{"line":638,"column":4},"end":{"line":671,"column":4}}},"18":{"name":"changeAddressSale","line":685,"loc":{"start":{"line":681,"column":4},"end":{"line":727,"column":4}}},"19":{"name":"changeAddressBuy","line":742,"loc":{"start":{"line":738,"column":4},"end":{"line":784,"column":4}}},"20":{"name":"getSaleOfferFromId","line":787,"loc":{"start":{"line":787,"column":4},"end":{"line":791,"column":4}}},"21":{"name":"getBuyOfferFromId","line":794,"loc":{"start":{"line":794,"column":4},"end":{"line":798,"column":4}}}},"statementMap":{"1":{"start":{"line":55,"column":8},"end":{"line":55,"column":43}},"2":{"start":{"line":56,"column":8},"end":{"line":56,"column":37}},"3":{"start":{"line":57,"column":8},"end":{"line":57,"column":64}},"4":{"start":{"line":58,"column":8},"end":{"line":58,"column":44}},"5":{"start":{"line":59,"column":8},"end":{"line":59,"column":39}},"6":{"start":{"line":60,"column":8},"end":{"line":60,"column":65}},"7":{"start":{"line":62,"column":8},"end":{"line":62,"column":3583}},"8":{"start":{"line":68,"column":8},"end":{"line":68,"column":3714}},"9":{"start":{"line":75,"column":8},"end":{"line":75,"column":43}},"10":{"start":{"line":76,"column":8},"end":{"line":76,"column":3939}},"11":{"start":{"line":80,"column":8},"end":{"line":80,"column":4064}},"12":{"start":{"line":84,"column":8},"end":{"line":84,"column":4211}},"13":{"start":{"line":87,"column":8},"end":{"line":87,"column":4284}},"14":{"start":{"line":104,"column":8},"end":{"line":104,"column":4727}},"15":{"start":{"line":115,"column":8},"end":{"line":115,"column":22}},"16":{"start":{"line":128,"column":8},"end":{"line":128,"column":54}},"17":{"start":{"line":130,"column":8},"end":{"line":130,"column":42}},"18":{"start":{"line":131,"column":8},"end":{"line":131,"column":56}},"19":{"start":{"line":132,"column":8},"end":{"line":132,"column":64}},"20":{"start":{"line":134,"column":8},"end":{"line":134,"column":5807}},"21":{"start":{"line":141,"column":8},"end":{"line":141,"column":6007}},"22":{"start":{"line":150,"column":8},"end":{"line":150,"column":43}},"23":{"start":{"line":151,"column":8},"end":{"line":151,"column":47}},"24":{"start":{"line":152,"column":8},"end":{"line":152,"column":47}},"25":{"start":{"line":153,"column":8},"end":{"line":153,"column":46}},"26":{"start":{"line":154,"column":8},"end":{"line":154,"column":47}},"27":{"start":{"line":156,"column":8},"end":{"line":156,"column":6504}},"28":{"start":{"line":170,"column":8},"end":{"line":170,"column":54}},"29":{"start":{"line":172,"column":8},"end":{"line":172,"column":42}},"30":{"start":{"line":173,"column":8},"end":{"line":173,"column":53}},"31":{"start":{"line":175,"column":8},"end":{"line":175,"column":75}},"32":{"start":{"line":177,"column":8},"end":{"line":177,"column":45}},"33":{"start":{"line":179,"column":8},"end":{"line":179,"column":40}},"34":{"start":{"line":190,"column":8},"end":{"line":190,"column":54}},"35":{"start":{"line":192,"column":8},"end":{"line":192,"column":36}},"36":{"start":{"line":193,"column":8},"end":{"line":193,"column":46}},"37":{"start":{"line":194,"column":8},"end":{"line":194,"column":54}},"38":{"start":{"line":196,"column":8},"end":{"line":196,"column":77}},"39":{"start":{"line":198,"column":8},"end":{"line":198,"column":72}},"40":{"start":{"line":200,"column":8},"end":{"line":200,"column":61}},"41":{"start":{"line":208,"column":8},"end":{"line":208,"column":54}},"42":{"start":{"line":210,"column":8},"end":{"line":210,"column":46}},"43":{"start":{"line":211,"column":8},"end":{"line":211,"column":54}},"44":{"start":{"line":213,"column":8},"end":{"line":213,"column":8488}},"45":{"start":{"line":222,"column":8},"end":{"line":222,"column":45}},"46":{"start":{"line":224,"column":8},"end":{"line":224,"column":8769}},"47":{"start":{"line":239,"column":8},"end":{"line":239,"column":54}},"48":{"start":{"line":240,"column":8},"end":{"line":240,"column":9297}},"49":{"start":{"line":245,"column":8},"end":{"line":245,"column":40}},"50":{"start":{"line":246,"column":8},"end":{"line":246,"column":58}},"51":{"start":{"line":247,"column":8},"end":{"line":247,"column":46}},"52":{"start":{"line":248,"column":8},"end":{"line":248,"column":54}},"53":{"start":{"line":250,"column":8},"end":{"line":250,"column":9626}},"54":{"start":{"line":257,"column":8},"end":{"line":257,"column":43}},"55":{"start":{"line":259,"column":8},"end":{"line":259,"column":9840}},"56":{"start":{"line":279,"column":8},"end":{"line":279,"column":54}},"57":{"start":{"line":281,"column":8},"end":{"line":281,"column":46}},"58":{"start":{"line":283,"column":8},"end":{"line":283,"column":11022}},"59":{"start":{"line":294,"column":8},"end":{"line":294,"column":11379}},"60":{"start":{"line":295,"column":12},"end":{"line":295,"column":11443}},"61":{"start":{"line":305,"column":12},"end":{"line":305,"column":11783}},"62":{"start":{"line":317,"column":8},"end":{"line":317,"column":45}},"63":{"start":{"line":319,"column":8},"end":{"line":319,"column":54}},"64":{"start":{"line":329,"column":8},"end":{"line":329,"column":54}},"65":{"start":{"line":331,"column":8},"end":{"line":331,"column":46}},"66":{"start":{"line":332,"column":8},"end":{"line":332,"column":54}},"67":{"start":{"line":334,"column":8},"end":{"line":334,"column":12720}},"68":{"start":{"line":344,"column":8},"end":{"line":344,"column":45}},"69":{"start":{"line":346,"column":8},"end":{"line":346,"column":41}},"70":{"start":{"line":373,"column":8},"end":{"line":373,"column":42}},"71":{"start":{"line":374,"column":8},"end":{"line":374,"column":37}},"72":{"start":{"line":375,"column":8},"end":{"line":375,"column":62}},"73":{"start":{"line":376,"column":8},"end":{"line":376,"column":63}},"74":{"start":{"line":377,"column":8},"end":{"line":377,"column":44}},"75":{"start":{"line":378,"column":8},"end":{"line":378,"column":39}},"76":{"start":{"line":379,"column":8},"end":{"line":379,"column":65}},"77":{"start":{"line":381,"column":8},"end":{"line":381,"column":14526}},"78":{"start":{"line":386,"column":8},"end":{"line":386,"column":14694}},"79":{"start":{"line":393,"column":8},"end":{"line":393,"column":14904}},"80":{"start":{"line":399,"column":8},"end":{"line":399,"column":15078}},"81":{"start":{"line":406,"column":8},"end":{"line":406,"column":42}},"82":{"start":{"line":408,"column":8},"end":{"line":408,"column":15348}},"83":{"start":{"line":425,"column":8},"end":{"line":425,"column":15820}},"84":{"start":{"line":437,"column":8},"end":{"line":437,"column":22}},"85":{"start":{"line":446,"column":8},"end":{"line":446,"column":52}},"86":{"start":{"line":447,"column":8},"end":{"line":447,"column":16538}},"87":{"start":{"line":452,"column":8},"end":{"line":452,"column":42}},"88":{"start":{"line":453,"column":8},"end":{"line":453,"column":56}},"89":{"start":{"line":455,"column":8},"end":{"line":455,"column":16760}},"90":{"start":{"line":462,"column":8},"end":{"line":462,"column":16927}},"91":{"start":{"line":469,"column":8},"end":{"line":469,"column":43}},"92":{"start":{"line":470,"column":8},"end":{"line":470,"column":47}},"93":{"start":{"line":471,"column":8},"end":{"line":471,"column":45}},"94":{"start":{"line":473,"column":8},"end":{"line":473,"column":68}},"95":{"start":{"line":481,"column":8},"end":{"line":481,"column":52}},"96":{"start":{"line":483,"column":8},"end":{"line":483,"column":42}},"97":{"start":{"line":484,"column":8},"end":{"line":484,"column":53}},"98":{"start":{"line":486,"column":8},"end":{"line":486,"column":17712}},"99":{"start":{"line":492,"column":8},"end":{"line":492,"column":45}},"100":{"start":{"line":494,"column":8},"end":{"line":494,"column":39}},"101":{"start":{"line":505,"column":8},"end":{"line":505,"column":52}},"102":{"start":{"line":507,"column":8},"end":{"line":507,"column":36}},"103":{"start":{"line":508,"column":8},"end":{"line":508,"column":46}},"104":{"start":{"line":509,"column":8},"end":{"line":509,"column":53}},"105":{"start":{"line":511,"column":8},"end":{"line":511,"column":77}},"106":{"start":{"line":513,"column":8},"end":{"line":513,"column":72}},"107":{"start":{"line":515,"column":8},"end":{"line":515,"column":60}},"108":{"start":{"line":523,"column":8},"end":{"line":523,"column":52}},"109":{"start":{"line":525,"column":8},"end":{"line":525,"column":46}},"110":{"start":{"line":526,"column":8},"end":{"line":526,"column":53}},"111":{"start":{"line":528,"column":8},"end":{"line":528,"column":19119}},"112":{"start":{"line":537,"column":8},"end":{"line":537,"column":45}},"113":{"start":{"line":539,"column":8},"end":{"line":539,"column":19396}},"114":{"start":{"line":554,"column":8},"end":{"line":554,"column":52}},"115":{"start":{"line":555,"column":8},"end":{"line":555,"column":78}},"116":{"start":{"line":557,"column":8},"end":{"line":557,"column":38}},"117":{"start":{"line":558,"column":8},"end":{"line":558,"column":57}},"118":{"start":{"line":559,"column":8},"end":{"line":559,"column":46}},"119":{"start":{"line":560,"column":8},"end":{"line":560,"column":53}},"120":{"start":{"line":562,"column":8},"end":{"line":562,"column":20202}},"121":{"start":{"line":569,"column":8},"end":{"line":569,"column":42}},"122":{"start":{"line":571,"column":8},"end":{"line":571,"column":20413}},"123":{"start":{"line":591,"column":8},"end":{"line":591,"column":52}},"124":{"start":{"line":593,"column":8},"end":{"line":593,"column":46}},"125":{"start":{"line":595,"column":8},"end":{"line":595,"column":21581}},"126":{"start":{"line":606,"column":8},"end":{"line":606,"column":21936}},"127":{"start":{"line":607,"column":12},"end":{"line":607,"column":21999}},"128":{"start":{"line":617,"column":12},"end":{"line":617,"column":22335}},"129":{"start":{"line":629,"column":8},"end":{"line":629,"column":45}},"130":{"start":{"line":631,"column":8},"end":{"line":631,"column":53}},"131":{"start":{"line":641,"column":8},"end":{"line":641,"column":52}},"132":{"start":{"line":643,"column":8},"end":{"line":643,"column":46}},"133":{"start":{"line":644,"column":8},"end":{"line":644,"column":53}},"134":{"start":{"line":646,"column":8},"end":{"line":646,"column":23260}},"135":{"start":{"line":655,"column":12},"end":{"line":655,"column":23511}},"136":{"start":{"line":665,"column":12},"end":{"line":665,"column":45}},"137":{"start":{"line":668,"column":8},"end":{"line":668,"column":45}},"138":{"start":{"line":670,"column":8},"end":{"line":670,"column":40}},"139":{"start":{"line":686,"column":8},"end":{"line":686,"column":62}},"140":{"start":{"line":688,"column":8},"end":{"line":688,"column":24826}},"141":{"start":{"line":689,"column":12},"end":{"line":689,"column":24867}},"142":{"start":{"line":693,"column":12},"end":{"line":693,"column":25000}},"143":{"start":{"line":697,"column":12},"end":{"line":697,"column":25131}},"144":{"start":{"line":701,"column":12},"end":{"line":701,"column":43}},"145":{"start":{"line":703,"column":12},"end":{"line":703,"column":51}},"146":{"start":{"line":705,"column":12},"end":{"line":705,"column":69}},"147":{"start":{"line":706,"column":15},"end":{"line":706,"column":25434}},"148":{"start":{"line":707,"column":12},"end":{"line":707,"column":25475}},"149":{"start":{"line":711,"column":12},"end":{"line":711,"column":25608}},"150":{"start":{"line":715,"column":12},"end":{"line":715,"column":25739}},"151":{"start":{"line":719,"column":12},"end":{"line":719,"column":43}},"152":{"start":{"line":721,"column":12},"end":{"line":721,"column":52}},"153":{"start":{"line":723,"column":12},"end":{"line":723,"column":68}},"154":{"start":{"line":725,"column":12},"end":{"line":725,"column":41}},"155":{"start":{"line":743,"column":8},"end":{"line":743,"column":61}},"156":{"start":{"line":745,"column":8},"end":{"line":745,"column":26980}},"157":{"start":{"line":746,"column":12},"end":{"line":746,"column":27021}},"158":{"start":{"line":750,"column":12},"end":{"line":750,"column":27153}},"159":{"start":{"line":754,"column":12},"end":{"line":754,"column":27283}},"160":{"start":{"line":758,"column":12},"end":{"line":758,"column":43}},"161":{"start":{"line":760,"column":12},"end":{"line":760,"column":50}},"162":{"start":{"line":762,"column":12},"end":{"line":762,"column":68}},"163":{"start":{"line":763,"column":15},"end":{"line":763,"column":27583}},"164":{"start":{"line":764,"column":12},"end":{"line":764,"column":27624}},"165":{"start":{"line":768,"column":12},"end":{"line":768,"column":27756}},"166":{"start":{"line":772,"column":12},"end":{"line":772,"column":27886}},"167":{"start":{"line":776,"column":12},"end":{"line":776,"column":43}},"168":{"start":{"line":778,"column":12},"end":{"line":778,"column":51}},"169":{"start":{"line":780,"column":12},"end":{"line":780,"column":67}},"170":{"start":{"line":782,"column":12},"end":{"line":782,"column":41}},"171":{"start":{"line":790,"column":8},"end":{"line":790,"column":35}},"172":{"start":{"line":797,"column":8},"end":{"line":797,"column":34}}},"branchMap":{"1":{"line":283,"type":"if","locations":[{"start":{"line":283,"column":8},"end":{"line":283,"column":8}},{"start":{"line":283,"column":8},"end":{"line":283,"column":8}}]},"2":{"line":294,"type":"if","locations":[{"start":{"line":294,"column":8},"end":{"line":294,"column":8}},{"start":{"line":294,"column":8},"end":{"line":294,"column":8}}]},"3":{"line":595,"type":"if","locations":[{"start":{"line":595,"column":8},"end":{"line":595,"column":8}},{"start":{"line":595,"column":8},"end":{"line":595,"column":8}}]},"4":{"line":606,"type":"if","locations":[{"start":{"line":606,"column":8},"end":{"line":606,"column":8}},{"start":{"line":606,"column":8},"end":{"line":606,"column":8}}]},"5":{"line":646,"type":"if","locations":[{"start":{"line":646,"column":8},"end":{"line":646,"column":8}},{"start":{"line":646,"column":8},"end":{"line":646,"column":8}}]},"6":{"line":688,"type":"if","locations":[{"start":{"line":688,"column":8},"end":{"line":688,"column":8}},{"start":{"line":688,"column":8},"end":{"line":688,"column":8}}]},"7":{"line":689,"type":"if","locations":[{"start":{"line":689,"column":12},"end":{"line":689,"column":12}},{"start":{"line":689,"column":12},"end":{"line":689,"column":12}}]},"8":{"line":693,"type":"if","locations":[{"start":{"line":693,"column":12},"end":{"line":693,"column":12}},{"start":{"line":693,"column":12},"end":{"line":693,"column":12}}]},"9":{"line":697,"type":"if","locations":[{"start":{"line":697,"column":12},"end":{"line":697,"column":12}},{"start":{"line":697,"column":12},"end":{"line":697,"column":12}}]},"10":{"line":706,"type":"if","locations":[{"start":{"line":706,"column":15},"end":{"line":706,"column":15}},{"start":{"line":706,"column":15},"end":{"line":706,"column":15}}]},"11":{"line":707,"type":"if","locations":[{"start":{"line":707,"column":12},"end":{"line":707,"column":12}},{"start":{"line":707,"column":12},"end":{"line":707,"column":12}}]},"12":{"line":711,"type":"if","locations":[{"start":{"line":711,"column":12},"end":{"line":711,"column":12}},{"start":{"line":711,"column":12},"end":{"line":711,"column":12}}]},"13":{"line":715,"type":"if","locations":[{"start":{"line":715,"column":12},"end":{"line":715,"column":12}},{"start":{"line":715,"column":12},"end":{"line":715,"column":12}}]},"14":{"line":745,"type":"if","locations":[{"start":{"line":745,"column":8},"end":{"line":745,"column":8}},{"start":{"line":745,"column":8},"end":{"line":745,"column":8}}]},"15":{"line":746,"type":"if","locations":[{"start":{"line":746,"column":12},"end":{"line":746,"column":12}},{"start":{"line":746,"column":12},"end":{"line":746,"column":12}}]},"16":{"line":750,"type":"if","locations":[{"start":{"line":750,"column":12},"end":{"line":750,"column":12}},{"start":{"line":750,"column":12},"end":{"line":750,"column":12}}]},"17":{"line":754,"type":"if","locations":[{"start":{"line":754,"column":12},"end":{"line":754,"column":12}},{"start":{"line":754,"column":12},"end":{"line":754,"column":12}}]},"18":{"line":763,"type":"if","locations":[{"start":{"line":763,"column":15},"end":{"line":763,"column":15}},{"start":{"line":763,"column":15},"end":{"line":763,"column":15}}]},"19":{"line":764,"type":"if","locations":[{"start":{"line":764,"column":12},"end":{"line":764,"column":12}},{"start":{"line":764,"column":12},"end":{"line":764,"column":12}}]},"20":{"line":768,"type":"if","locations":[{"start":{"line":768,"column":12},"end":{"line":768,"column":12}},{"start":{"line":768,"column":12},"end":{"line":768,"column":12}}]},"21":{"line":772,"type":"if","locations":[{"start":{"line":772,"column":12},"end":{"line":772,"column":12}},{"start":{"line":772,"column":12},"end":{"line":772,"column":12}}]}}},"contracts/SpectrrFiDividends/base/AbstractDividends.sol":{"l":{"42":6,"43":6,"55":4,"66":0,"79":4,"100":2,"101":2,"103":2,"104":2,"107":2,"117":4,"118":4,"119":4,"122":4,"124":4,"132":0,"133":0,"134":0,"142":6},"path":"/home/superfly/Code/Spectrr/Contracts-V2/contracts/SpectrrFiDividends/base/AbstractDividends.sol","s":{"1":6,"2":6,"3":4,"4":0,"5":4,"6":2,"7":2,"8":2,"9":2,"10":2,"11":4,"12":4,"13":4,"14":4,"15":4,"16":0,"17":0,"18":0,"19":6},"b":{"1":[2,0],"2":[2,0],"3":[4,0]},"f":{"1":6,"2":4,"3":0,"4":4,"5":2,"6":4,"7":0,"8":6},"fnMap":{"1":{"name":"constructor","line":38,"loc":{"start":{"line":38,"column":4},"end":{"line":44,"column":4}}},"2":{"name":"withdrawableDividendsOf","line":52,"loc":{"start":{"line":52,"column":4},"end":{"line":56,"column":4}}},"3":{"name":"withdrawnDividendsOf","line":63,"loc":{"start":{"line":63,"column":4},"end":{"line":67,"column":4}}},"4":{"name":"cumulativeDividendsOf","line":76,"loc":{"start":{"line":76,"column":4},"end":{"line":85,"column":4}}},"5":{"name":"_distributeDividends","line":99,"loc":{"start":{"line":99,"column":4},"end":{"line":109,"column":4}}},"6":{"name":"_prepareCollect","line":116,"loc":{"start":{"line":116,"column":4},"end":{"line":125,"column":4}}},"7":{"name":"_correctPointsForTransfer","line":127,"loc":{"start":{"line":127,"column":4},"end":{"line":135,"column":4}}},"8":{"name":"_correctPoints","line":141,"loc":{"start":{"line":141,"column":4},"end":{"line":145,"column":4}}}},"statementMap":{"1":{"start":{"line":42,"column":8},"end":{"line":42,"column":33}},"2":{"start":{"line":43,"column":8},"end":{"line":43,"column":39}},"3":{"start":{"line":55,"column":8},"end":{"line":55,"column":78}},"4":{"start":{"line":66,"column":8},"end":{"line":66,"column":42}},"5":{"start":{"line":79,"column":8},"end":{"line":79,"column":3366}},"6":{"start":{"line":100,"column":8},"end":{"line":100,"column":41}},"7":{"start":{"line":101,"column":8},"end":{"line":101,"column":36}},"8":{"start":{"line":103,"column":8},"end":{"line":103,"column":4310}},"9":{"start":{"line":104,"column":12},"end":{"line":104,"column":4344}},"10":{"start":{"line":107,"column":12},"end":{"line":107,"column":57}},"11":{"start":{"line":117,"column":8},"end":{"line":117,"column":72}},"12":{"start":{"line":118,"column":8},"end":{"line":118,"column":4862}},"13":{"start":{"line":119,"column":12},"end":{"line":119,"column":4911}},"14":{"start":{"line":122,"column":12},"end":{"line":122,"column":67}},"15":{"start":{"line":124,"column":8},"end":{"line":124,"column":36}},"16":{"start":{"line":132,"column":8},"end":{"line":132,"column":69}},"17":{"start":{"line":133,"column":8},"end":{"line":133,"column":74}},"18":{"start":{"line":134,"column":8},"end":{"line":134,"column":70}},"19":{"start":{"line":142,"column":8},"end":{"line":142,"column":5698}}},"branchMap":{"1":{"line":101,"type":"if","locations":[{"start":{"line":101,"column":8},"end":{"line":101,"column":8}},{"start":{"line":101,"column":8},"end":{"line":101,"column":8}}]},"2":{"line":103,"type":"if","locations":[{"start":{"line":103,"column":8},"end":{"line":103,"column":8}},{"start":{"line":103,"column":8},"end":{"line":103,"column":8}}]},"3":{"line":118,"type":"if","locations":[{"start":{"line":118,"column":8},"end":{"line":118,"column":8}},{"start":{"line":118,"column":8},"end":{"line":118,"column":8}}]}}},"contracts/SpectrrFiDividends/base/ERC20Dividends.sol":{"l":{"37":0,"38":0,"48":6,"49":6,"59":0,"60":0},"path":"/home/superfly/Code/Spectrr/Contracts-V2/contracts/SpectrrFiDividends/base/ERC20Dividends.sol","s":{"1":0,"2":0,"3":6,"4":6,"5":0,"6":0},"b":{},"f":{"1":6,"2":0,"3":6,"4":0},"fnMap":{"1":{"name":"constructor","line":22,"loc":{"start":{"line":15,"column":4},"end":{"line":23,"column":5}}},"2":{"name":"_transfer","line":32,"loc":{"start":{"line":32,"column":4},"end":{"line":39,"column":4}}},"3":{"name":"_mint","line":47,"loc":{"start":{"line":47,"column":4},"end":{"line":50,"column":4}}},"4":{"name":"_burn","line":58,"loc":{"start":{"line":58,"column":4},"end":{"line":61,"column":4}}}},"statementMap":{"1":{"start":{"line":37,"column":8},"end":{"line":37,"column":39}},"2":{"start":{"line":38,"column":8},"end":{"line":38,"column":49}},"3":{"start":{"line":48,"column":8},"end":{"line":48,"column":35}},"4":{"start":{"line":49,"column":8},"end":{"line":49,"column":47}},"5":{"start":{"line":59,"column":8},"end":{"line":59,"column":35}},"6":{"start":{"line":60,"column":8},"end":{"line":60,"column":46}}},"branchMap":{}},"contracts/SpectrrFiDividends/interfaces/IAbstractDividends.sol":{"l":{},"path":"/home/superfly/Code/Spectrr/Contracts-V2/contracts/SpectrrFiDividends/interfaces/IAbstractDividends.sol","s":{},"b":{},"f":{},"fnMap":{},"statementMap":{},"branchMap":{}},"contracts/SpectrrFiDividends/interfaces/IERC20Dividends.sol":{"l":{},"path":"/home/superfly/Code/Spectrr/Contracts-V2/contracts/SpectrrFiDividends/interfaces/IERC20Dividends.sol","s":{},"b":{},"f":{},"fnMap":{},"statementMap":{},"branchMap":{}},"contracts/SpectrrFiDividends/interfaces/ISpectrrFiDividendToken.sol":{"l":{},"path":"/home/superfly/Code/Spectrr/Contracts-V2/contracts/SpectrrFiDividends/interfaces/ISpectrrFiDividendToken.sol","s":{},"b":{},"f":{},"fnMap":{},"statementMap":{},"branchMap":{}},"contracts/SpectrrFiDividends/SpectrrFiDividendToken.sol":{"l":{"31":6,"32":6,"33":6,"40":2,"48":5,"50":4,"52":4,"53":4,"55":0,"58":4},"path":"/home/superfly/Code/Spectrr/Contracts-V2/contracts/SpectrrFiDividends/SpectrrFiDividendToken.sol","s":{"1":6,"2":6,"3":6,"4":2,"5":5,"6":4,"7":4,"8":4,"9":0,"10":4},"b":{"1":[4,1],"2":[4,0]},"f":{"1":6,"2":2,"3":5},"fnMap":{"1":{"name":"constructor","line":30,"loc":{"start":{"line":24,"column":4},"end":{"line":34,"column":4}}},"2":{"name":"distributeDividends","line":39,"loc":{"start":{"line":39,"column":4},"end":{"line":41,"column":4}}},"3":{"name":"collectDividends","line":47,"loc":{"start":{"line":47,"column":4},"end":{"line":59,"column":4}}}},"statementMap":{"1":{"start":{"line":31,"column":8},"end":{"line":31,"column":46}},"2":{"start":{"line":32,"column":8},"end":{"line":32,"column":51}},"3":{"start":{"line":33,"column":8},"end":{"line":33,"column":49}},"4":{"start":{"line":40,"column":8},"end":{"line":40,"column":36}},"5":{"start":{"line":48,"column":8},"end":{"line":48,"column":56}},"6":{"start":{"line":50,"column":8},"end":{"line":50,"column":53}},"7":{"start":{"line":52,"column":8},"end":{"line":52,"column":2493}},"8":{"start":{"line":53,"column":12},"end":{"line":53,"column":70}},"9":{"start":{"line":55,"column":12},"end":{"line":55,"column":43}},"10":{"start":{"line":58,"column":8},"end":{"line":58,"column":52}}},"branchMap":{"1":{"line":48,"type":"if","locations":[{"start":{"line":48,"column":8},"end":{"line":48,"column":8}},{"start":{"line":48,"column":8},"end":{"line":48,"column":8}}]},"2":{"line":52,"type":"if","locations":[{"start":{"line":52,"column":8},"end":{"line":52,"column":8}},{"start":{"line":52,"column":8},"end":{"line":52,"column":8}}]}}},"contracts/SpectrrManager.sol":{"l":{"55":2,"57":2,"66":2,"82":0,"83":0,"85":0},"path":"/home/superfly/Code/Spectrr/Contracts-V2/contracts/SpectrrManager.sol","s":{"1":2,"2":2,"3":2,"4":0,"5":0,"6":0},"b":{"1":[0,0],"2":[0,0]},"f":{"1":2,"2":0},"fnMap":{"1":{"name":"addToken","line":54,"loc":{"start":{"line":47,"column":4},"end":{"line":72,"column":4}}},"2":{"name":"changeChainlinkOracleAddress","line":81,"loc":{"start":{"line":78,"column":4},"end":{"line":86,"column":4}}}},"statementMap":{"1":{"start":{"line":55,"column":8},"end":{"line":55,"column":31}},"2":{"start":{"line":57,"column":8},"end":{"line":57,"column":2073}},"3":{"start":{"line":66,"column":8},"end":{"line":66,"column":2300}},"4":{"start":{"line":82,"column":8},"end":{"line":82,"column":68}},"5":{"start":{"line":83,"column":8},"end":{"line":83,"column":75}},"6":{"start":{"line":85,"column":8},"end":{"line":85,"column":75}}},"branchMap":{"1":{"line":82,"type":"if","locations":[{"start":{"line":82,"column":8},"end":{"line":82,"column":8}},{"start":{"line":82,"column":8},"end":{"line":82,"column":8}}]},"2":{"line":83,"type":"if","locations":[{"start":{"line":83,"column":8},"end":{"line":83,"column":8}},{"start":{"line":83,"column":8},"end":{"line":83,"column":8}}]}}},"contracts/SpectrrPrices.sol":{"l":{"15":2,"19":2,"21":2,"23":2},"path":"/home/superfly/Code/Spectrr/Contracts-V2/contracts/SpectrrPrices.sol","s":{"1":2,"2":2,"3":2,"4":2},"b":{"1":[2,0]},"f":{"1":2},"fnMap":{"1":{"name":"getChainlinkPrice","line":12,"loc":{"start":{"line":12,"column":4},"end":{"line":24,"column":4}}}},"statementMap":{"1":{"start":{"line":15,"column":8},"end":{"line":15,"column":606}},"2":{"start":{"line":19,"column":8},"end":{"line":19,"column":65}},"3":{"start":{"line":21,"column":8},"end":{"line":21,"column":51}},"4":{"start":{"line":23,"column":8},"end":{"line":23,"column":25}}},"branchMap":{"1":{"line":21,"type":"if","locations":[{"start":{"line":21,"column":8},"end":{"line":21,"column":8}},{"start":{"line":21,"column":8},"end":{"line":21,"column":8}}]}}},"contracts/SpectrrUtils.sol":{"l":{"17":0,"24":4,"25":4,"34":6,"35":6,"46":4,"57":2,"64":2,"65":2,"79":0,"80":0,"95":0,"96":0,"109":2,"123":0,"144":0,"149":0,"154":0,"160":0,"179":0,"198":1,"216":0,"217":0,"219":0,"240":0,"251":0,"253":0,"265":0,"266":0,"268":0,"269":0,"271":0,"299":0,"301":0,"309":0,"314":0,"319":0,"323":0,"333":0,"338":0,"366":0,"368":0,"375":0,"376":0,"381":0,"385":0,"395":0,"400":0,"422":0,"424":0,"431":0,"432":0,"437":0,"441":0,"451":0,"456":0,"476":0,"481":0,"498":2,"500":2,"505":2,"512":12,"518":0,"524":0,"530":0,"536":4,"543":3,"549":0,"550":0,"556":0,"557":0,"563":0,"564":0,"570":0,"576":4,"583":2},"path":"/home/superfly/Code/Spectrr/Contracts-V2/contracts/SpectrrUtils.sol","s":{"1":0,"2":4,"3":4,"4":6,"5":6,"6":4,"7":2,"8":2,"9":2,"10":0,"11":0,"12":0,"13":0,"14":2,"15":0,"16":0,"17":0,"18":0,"19":0,"20":0,"21":1,"22":0,"23":0,"24":0,"25":0,"26":0,"27":0,"28":0,"29":0,"30":0,"31":0,"32":0,"33":0,"34":0,"35":0,"36":0,"37":0,"38":0,"39":0,"40":0,"41":0,"42":0,"43":0,"44":0,"45":0,"46":0,"47":0,"48":0,"49":0,"50":0,"51":0,"52":0,"53":0,"54":0,"55":0,"56":0,"57":0,"58":0,"59":0,"60":0,"61":2,"62":2,"63":2,"64":12,"65":0,"66":0,"67":0,"68":4,"69":3,"70":0,"71":0,"72":0,"73":0,"74":0,"75":0,"76":0,"77":4,"78":2},"b":{"1":[0,0],"2":[0,0],"3":[0,0],"4":[0,0],"5":[0,0],"6":[0,0],"7":[0,0],"8":[0,0],"9":[0,0],"10":[12,0],"11":[0,0],"12":[0,0],"13":[0,0],"14":[4,0],"15":[3,0],"16":[0,0],"17":[0,0],"18":[0,0],"19":[0,0],"20":[0,0],"21":[0,0],"22":[0,0],"23":[4,0],"24":[2,0]},"f":{"1":0,"2":4,"3":6,"4":4,"5":2,"6":2,"7":0,"8":0,"9":2,"10":0,"11":0,"12":0,"13":1,"14":0,"15":0,"16":0,"17":0,"18":0,"19":0,"20":0,"21":2,"22":12,"23":0,"24":0,"25":0,"26":4,"27":3,"28":0,"29":0,"30":0,"31":0,"32":4,"33":2},"fnMap":{"1":{"name":"getBlockTimestamp","line":16,"loc":{"start":{"line":16,"column":4},"end":{"line":18,"column":4}}},"2":{"name":"getITokenFromId","line":23,"loc":{"start":{"line":23,"column":4},"end":{"line":26,"column":4}}},"3":{"name":"getTokenDecimalsFromId","line":31,"loc":{"start":{"line":31,"column":4},"end":{"line":36,"column":4}}},"4":{"name":"amountToWei","line":42,"loc":{"start":{"line":42,"column":4},"end":{"line":47,"column":4}}},"5":{"name":"amountFromWei","line":53,"loc":{"start":{"line":53,"column":4},"end":{"line":58,"column":4}}},"6":{"name":"tokenIdToPrice","line":63,"loc":{"start":{"line":63,"column":4},"end":{"line":69,"column":4}}},"7":{"name":"getLiquidationPriceCollateral","line":73,"loc":{"start":{"line":73,"column":4},"end":{"line":85,"column":4}}},"8":{"name":"getLiquidationPriceAmountFor","line":89,"loc":{"start":{"line":89,"column":4},"end":{"line":100,"column":4}}},"9":{"name":"transferSenderToContract","line":104,"loc":{"start":{"line":104,"column":4},"end":{"line":114,"column":4}}},"10":{"name":"transferContractToSender","line":118,"loc":{"start":{"line":118,"column":4},"end":{"line":127,"column":4}}},"11":{"name":"transferAcceptSale","line":136,"loc":{"start":{"line":136,"column":4},"end":{"line":165,"column":4}}},"12":{"name":"transferBuyerToSeller","line":173,"loc":{"start":{"line":173,"column":4},"end":{"line":184,"column":4}}},"13":{"name":"getCollateral","line":192,"loc":{"start":{"line":192,"column":4},"end":{"line":202,"column":4}}},"14":{"name":"getRatio","line":210,"loc":{"start":{"line":210,"column":4},"end":{"line":224,"column":4}}},"15":{"name":"canLiquidate","line":233,"loc":{"start":{"line":233,"column":4},"end":{"line":255,"column":4}}},"16":{"name":"canLiquidateTimeOver","line":261,"loc":{"start":{"line":261,"column":4},"end":{"line":274,"column":4}}},"17":{"name":"liquidateTokens","line":289,"loc":{"start":{"line":289,"column":4},"end":{"line":343,"column":4}}},"18":{"name":"liquidateTokensBySeller","line":357,"loc":{"start":{"line":357,"column":4},"end":{"line":402,"column":4}}},"19":{"name":"liquidateTokensByBuyer","line":413,"loc":{"start":{"line":413,"column":4},"end":{"line":458,"column":4}}},"20":{"name":"repay","line":468,"loc":{"start":{"line":468,"column":4},"end":{"line":485,"column":4}}},"21":{"name":"transferFee","line":492,"loc":{"start":{"line":492,"column":4},"end":{"line":507,"column":4}}},"22":{"name":"checkTokenIdInRange","line":511,"loc":{"start":{"line":511,"column":4},"end":{"line":513,"column":4}}},"23":{"name":"checkAddressNotZero","line":517,"loc":{"start":{"line":517,"column":4},"end":{"line":519,"column":4}}},"24":{"name":"checkAddressNotSender","line":523,"loc":{"start":{"line":523,"column":4},"end":{"line":525,"column":4}}},"25":{"name":"checkAddressSender","line":529,"loc":{"start":{"line":529,"column":4},"end":{"line":531,"column":4}}},"26":{"name":"checkIsPositive","line":535,"loc":{"start":{"line":535,"column":4},"end":{"line":537,"column":4}}},"27":{"name":"checkTokensIdNotSame","line":542,"loc":{"start":{"line":542,"column":4},"end":{"line":544,"column":4}}},"28":{"name":"checkOfferIsOpen","line":548,"loc":{"start":{"line":548,"column":4},"end":{"line":551,"column":4}}},"29":{"name":"checkOfferIsAccepted","line":555,"loc":{"start":{"line":555,"column":4},"end":{"line":558,"column":4}}},"30":{"name":"checkOfferIsClosed","line":562,"loc":{"start":{"line":562,"column":4},"end":{"line":565,"column":4}}},"31":{"name":"checkOfferIsNotClosed","line":569,"loc":{"start":{"line":569,"column":4},"end":{"line":571,"column":4}}},"32":{"name":"checkMinRatio","line":575,"loc":{"start":{"line":575,"column":4},"end":{"line":577,"column":4}}},"33":{"name":"checkIsLessThan","line":582,"loc":{"start":{"line":582,"column":4},"end":{"line":584,"column":4}}}},"statementMap":{"1":{"start":{"line":17,"column":8},"end":{"line":17,"column":30}},"2":{"start":{"line":24,"column":8},"end":{"line":24,"column":36}},"3":{"start":{"line":25,"column":8},"end":{"line":25,"column":44}},"4":{"start":{"line":34,"column":8},"end":{"line":34,"column":36}},"5":{"start":{"line":35,"column":8},"end":{"line":35,"column":40}},"6":{"start":{"line":46,"column":8},"end":{"line":46,"column":76}},"7":{"start":{"line":57,"column":8},"end":{"line":57,"column":76}},"8":{"start":{"line":64,"column":8},"end":{"line":64,"column":36}},"9":{"start":{"line":65,"column":8},"end":{"line":65,"column":2683}},"10":{"start":{"line":79,"column":8},"end":{"line":79,"column":45}},"11":{"start":{"line":80,"column":8},"end":{"line":80,"column":3300}},"12":{"start":{"line":95,"column":8},"end":{"line":95,"column":46}},"13":{"start":{"line":96,"column":8},"end":{"line":96,"column":3951}},"14":{"start":{"line":109,"column":8},"end":{"line":109,"column":4338}},"15":{"start":{"line":123,"column":8},"end":{"line":123,"column":4754}},"16":{"start":{"line":144,"column":8},"end":{"line":144,"column":5593}},"17":{"start":{"line":149,"column":8},"end":{"line":149,"column":5733}},"18":{"start":{"line":154,"column":8},"end":{"line":154,"column":5891}},"19":{"start":{"line":160,"column":8},"end":{"line":160,"column":6060}},"20":{"start":{"line":179,"column":8},"end":{"line":179,"column":6711}},"21":{"start":{"line":198,"column":8},"end":{"line":198,"column":7569}},"22":{"start":{"line":216,"column":8},"end":{"line":216,"column":8242}},"23":{"start":{"line":217,"column":12},"end":{"line":217,"column":20}},"24":{"start":{"line":219,"column":12},"end":{"line":219,"column":8424}},"25":{"start":{"line":240,"column":8},"end":{"line":240,"column":9255}},"26":{"start":{"line":251,"column":12},"end":{"line":251,"column":23}},"27":{"start":{"line":253,"column":12},"end":{"line":253,"column":24}},"28":{"start":{"line":265,"column":8},"end":{"line":265,"column":10043}},"29":{"start":{"line":266,"column":12},"end":{"line":266,"column":24}},"30":{"start":{"line":268,"column":12},"end":{"line":268,"column":10152}},"31":{"start":{"line":269,"column":16},"end":{"line":269,"column":27}},"32":{"start":{"line":271,"column":16},"end":{"line":271,"column":28}},"33":{"start":{"line":299,"column":8},"end":{"line":299,"column":68}},"34":{"start":{"line":301,"column":8},"end":{"line":301,"column":11626}},"35":{"start":{"line":309,"column":12},"end":{"line":309,"column":11911}},"36":{"start":{"line":314,"column":12},"end":{"line":314,"column":12106}},"37":{"start":{"line":319,"column":12},"end":{"line":319,"column":12292}},"38":{"start":{"line":323,"column":12},"end":{"line":323,"column":12432}},"39":{"start":{"line":333,"column":12},"end":{"line":333,"column":12803}},"40":{"start":{"line":338,"column":12},"end":{"line":338,"column":12989}},"41":{"start":{"line":366,"column":8},"end":{"line":366,"column":68}},"42":{"start":{"line":368,"column":8},"end":{"line":368,"column":14341}},"43":{"start":{"line":375,"column":8},"end":{"line":375,"column":14513}},"44":{"start":{"line":376,"column":12},"end":{"line":376,"column":14609}},"45":{"start":{"line":381,"column":12},"end":{"line":381,"column":14803}},"46":{"start":{"line":385,"column":12},"end":{"line":385,"column":14943}},"47":{"start":{"line":394,"column":15},"end":{"line":394,"column":15298}},"48":{"start":{"line":395,"column":12},"end":{"line":395,"column":15352}},"49":{"start":{"line":400,"column":12},"end":{"line":400,"column":48}},"50":{"start":{"line":422,"column":8},"end":{"line":422,"column":68}},"51":{"start":{"line":424,"column":8},"end":{"line":424,"column":16569}},"52":{"start":{"line":431,"column":8},"end":{"line":431,"column":16741}},"53":{"start":{"line":432,"column":12},"end":{"line":432,"column":16837}},"54":{"start":{"line":437,"column":12},"end":{"line":437,"column":17031}},"55":{"start":{"line":441,"column":12},"end":{"line":441,"column":17171}},"56":{"start":{"line":450,"column":15},"end":{"line":450,"column":17526}},"57":{"start":{"line":451,"column":12},"end":{"line":451,"column":17580}},"58":{"start":{"line":456,"column":12},"end":{"line":456,"column":47}},"59":{"start":{"line":476,"column":8},"end":{"line":476,"column":18470}},"60":{"start":{"line":481,"column":8},"end":{"line":481,"column":18638}},"61":{"start":{"line":498,"column":8},"end":{"line":498,"column":54}},"62":{"start":{"line":500,"column":8},"end":{"line":500,"column":19313}},"63":{"start":{"line":505,"column":8},"end":{"line":505,"column":19498}},"64":{"start":{"line":512,"column":8},"end":{"line":512,"column":58}},"65":{"start":{"line":518,"column":8},"end":{"line":518,"column":57}},"66":{"start":{"line":524,"column":8},"end":{"line":524,"column":56}},"67":{"start":{"line":530,"column":8},"end":{"line":530,"column":56}},"68":{"start":{"line":536,"column":8},"end":{"line":536,"column":57}},"69":{"start":{"line":543,"column":8},"end":{"line":543,"column":53}},"70":{"start":{"line":549,"column":8},"end":{"line":549,"column":73}},"71":{"start":{"line":550,"column":8},"end":{"line":550,"column":69}},"72":{"start":{"line":556,"column":8},"end":{"line":556,"column":69}},"73":{"start":{"line":557,"column":8},"end":{"line":557,"column":65}},"74":{"start":{"line":563,"column":8},"end":{"line":563,"column":73}},"75":{"start":{"line":564,"column":8},"end":{"line":564,"column":65}},"76":{"start":{"line":570,"column":8},"end":{"line":570,"column":69}},"77":{"start":{"line":576,"column":8},"end":{"line":576,"column":56}},"78":{"start":{"line":583,"column":8},"end":{"line":583,"column":70}}},"branchMap":{"1":{"line":216,"type":"if","locations":[{"start":{"line":216,"column":8},"end":{"line":216,"column":8}},{"start":{"line":216,"column":8},"end":{"line":216,"column":8}}]},"2":{"line":240,"type":"if","locations":[{"start":{"line":240,"column":8},"end":{"line":240,"column":8}},{"start":{"line":240,"column":8},"end":{"line":240,"column":8}}]},"3":{"line":265,"type":"if","locations":[{"start":{"line":265,"column":8},"end":{"line":265,"column":8}},{"start":{"line":265,"column":8},"end":{"line":265,"column":8}}]},"4":{"line":268,"type":"if","locations":[{"start":{"line":268,"column":12},"end":{"line":268,"column":12}},{"start":{"line":268,"column":12},"end":{"line":268,"column":12}}]},"5":{"line":301,"type":"if","locations":[{"start":{"line":301,"column":8},"end":{"line":301,"column":8}},{"start":{"line":301,"column":8},"end":{"line":301,"column":8}}]},"6":{"line":375,"type":"if","locations":[{"start":{"line":375,"column":8},"end":{"line":375,"column":8}},{"start":{"line":375,"column":8},"end":{"line":375,"column":8}}]},"7":{"line":394,"type":"if","locations":[{"start":{"line":394,"column":15},"end":{"line":394,"column":15}},{"start":{"line":394,"column":15},"end":{"line":394,"column":15}}]},"8":{"line":431,"type":"if","locations":[{"start":{"line":431,"column":8},"end":{"line":431,"column":8}},{"start":{"line":431,"column":8},"end":{"line":431,"column":8}}]},"9":{"line":450,"type":"if","locations":[{"start":{"line":450,"column":15},"end":{"line":450,"column":15}},{"start":{"line":450,"column":15},"end":{"line":450,"column":15}}]},"10":{"line":512,"type":"if","locations":[{"start":{"line":512,"column":8},"end":{"line":512,"column":8}},{"start":{"line":512,"column":8},"end":{"line":512,"column":8}}]},"11":{"line":518,"type":"if","locations":[{"start":{"line":518,"column":8},"end":{"line":518,"column":8}},{"start":{"line":518,"column":8},"end":{"line":518,"column":8}}]},"12":{"line":524,"type":"if","locations":[{"start":{"line":524,"column":8},"end":{"line":524,"column":8}},{"start":{"line":524,"column":8},"end":{"line":524,"column":8}}]},"13":{"line":530,"type":"if","locations":[{"start":{"line":530,"column":8},"end":{"line":530,"column":8}},{"start":{"line":530,"column":8},"end":{"line":530,"column":8}}]},"14":{"line":536,"type":"if","locations":[{"start":{"line":536,"column":8},"end":{"line":536,"column":8}},{"start":{"line":536,"column":8},"end":{"line":536,"column":8}}]},"15":{"line":543,"type":"if","locations":[{"start":{"line":543,"column":8},"end":{"line":543,"column":8}},{"start":{"line":543,"column":8},"end":{"line":543,"column":8}}]},"16":{"line":549,"type":"if","locations":[{"start":{"line":549,"column":8},"end":{"line":549,"column":8}},{"start":{"line":549,"column":8},"end":{"line":549,"column":8}}]},"17":{"line":550,"type":"if","locations":[{"start":{"line":550,"column":8},"end":{"line":550,"column":8}},{"start":{"line":550,"column":8},"end":{"line":550,"column":8}}]},"18":{"line":556,"type":"if","locations":[{"start":{"line":556,"column":8},"end":{"line":556,"column":8}},{"start":{"line":556,"column":8},"end":{"line":556,"column":8}}]},"19":{"line":557,"type":"if","locations":[{"start":{"line":557,"column":8},"end":{"line":557,"column":8}},{"start":{"line":557,"column":8},"end":{"line":557,"column":8}}]},"20":{"line":563,"type":"if","locations":[{"start":{"line":563,"column":8},"end":{"line":563,"column":8}},{"start":{"line":563,"column":8},"end":{"line":563,"column":8}}]},"21":{"line":564,"type":"if","locations":[{"start":{"line":564,"column":8},"end":{"line":564,"column":8}},{"start":{"line":564,"column":8},"end":{"line":564,"column":8}}]},"22":{"line":570,"type":"if","locations":[{"start":{"line":570,"column":8},"end":{"line":570,"column":8}},{"start":{"line":570,"column":8},"end":{"line":570,"column":8}}]},"23":{"line":576,"type":"if","locations":[{"start":{"line":576,"column":8},"end":{"line":576,"column":8}},{"start":{"line":576,"column":8},"end":{"line":576,"column":8}}]},"24":{"line":583,"type":"if","locations":[{"start":{"line":583,"column":8},"end":{"line":583,"column":8}},{"start":{"line":583,"column":8},"end":{"line":583,"column":8}}]}}}}